[www.maxmartinez.com/index.html]
[backblue.gif]
[fade.gif]
[index.html]
[cdn.prod.website-files.com/65995e1581996ccb1f6ef45f/css/max-martinez.webflow.c64605863.min.css]
[use.typekit.net/pfp7jvs.js]
[cdn.prod.website-files.com/65995e1581996ccb1f6ef45f/659c2ce4d9082f053c03b300_m-favicon-white-32.png]
[cdn.prod.website-files.com/65995e1581996ccb1f6ef45f/659c2ce8213e954876875c80_m-favicon-white-256.png]
[connect.facebook.net/en_US/fbevents.js]
[www.maxmartinez.com/work.html]
[www.maxmartinez.com/about.html]
[www.maxmartinez.com/contact.html]
[www.maxmartinez.com/work/metagravity.html]
[cdn.prod.website-files.com/659dc61047017bf9ae30d5ee/6611cf85ded44286b62638fc_cover-metagravity-01.jpg]
[www.maxmartinez.com/work/risk-ledger.html]
[cdn.prod.website-files.com/659dc61047017bf9ae30d5ee/6611cf8b94cebea5ac84815e_cover-riskledger-01.jpg]
[www.maxmartinez.com/work/omnipresent.html]
[cdn.prod.website-files.com/659dc61047017bf9ae30d5ee/6611cf9332f9abbac09e57b1_cover-omnipresent-01.jpg]
[www.maxmartinez.com/work/goodbuy.html]
[cdn.prod.website-files.com/659dc61047017bf9ae30d5ee/6611cf9b9d96ffefe041dc53_cover-goodbuy-01.jpg]
[www.maxmartinez.com/work/x-co.html]
[cdn.prod.website-files.com/659dc61047017bf9ae30d5ee/6611cfa399840044b1bc1fb6_cover-x-co-01.jpg]
[cdn.prod.website-files.com/65995e1581996ccb1f6ef45f/6611d0a351674029e0232f9e_thumb-omnipresent.jpg]
[cdn.prod.website-files.com/65995e1581996ccb1f6ef45f/6611d0a3721f1526669cdee6_thumb-riskledger.jpg]
[cdn.prod.website-files.com/65995e1581996ccb1f6ef45f/6611d0a3cc15022b3544dc68_thumb-metagravity.jpg]
[cdn.prod.website-files.com/65995e1581996ccb1f6ef45f/65a198d172bdf2634912768c_avatar-max-selfie-01.jpg]
[d3e54v103j8qbb.cloudfront.net/js/jquery-3.5.1.min.dc5e7f18c84ad7.js]
[www.maxmartinez.com/index.html]
[cdn.prod.website-files.com/65995e1581996ccb1f6ef45f/css/max-martinez.webflow.c64605863.min.css]
[cdn.prod.website-files.com/65995e1581996ccb1f6ef45f/js/webflow.7fb7d0be1.js]
[connect.facebook.net/en_US/fbevents.js]
[www.maxmartinez.com/work/soulful.html]
[cdn.prod.website-files.com/659dc61047017bf9ae30d5ee/659dc989da7f6178f0b7e2aa_cover-soulful.jpg]
[www.maxmartinez.com/work/at-the-well.html]
[cdn.prod.website-files.com/659dc61047017bf9ae30d5ee/659dc9b14eae813da580717d_cover-at-the-well.jpg]
[www.maxmartinez.com/work/build-in-tulsa.html]
[cdn.prod.website-files.com/659dc61047017bf9ae30d5ee/65b97d31cdcf358987ed1477_cover-build-in-tulsa-01.jpg]
[www.maxmartinez.com/work/certipay.html]
[cdn.prod.website-files.com/659dc61047017bf9ae30d5ee/659dc95fa7fc16765e0bebcb_cover-certipay.jpg]
[www.maxmartinez.com/work/tend.html]
[cdn.prod.website-files.com/659dc61047017bf9ae30d5ee/661eb802ed5ce9d30274dcd9_tend--cover.jpg]
[www.maxmartinez.com/work/principal-post.html]
[cdn.prod.website-files.com/659dc61047017bf9ae30d5ee/659dc91db625d80830ca0c75_cover-principal-post.jpg]
[www.maxmartinez.com/work/augintel.html]
[cdn.prod.website-files.com/659dc61047017bf9ae30d5ee/65b97d50d55d24b9e3639aca_cover-augintel-02.jpg]
[www.maxmartinez.com/work/atlas-point.html]
[cdn.prod.website-files.com/659dc61047017bf9ae30d5ee/65b97d4041435450a7207114_cover-atlas-point-02.jpg]
[www.maxmartinez.com/work/secude.html]
[cdn.prod.website-files.com/659dc61047017bf9ae30d5ee/65f8ff4aa05bf721ba53a0e7_cover-secude.jpg]
[www.maxmartinez.com/work/gusher.html]
[cdn.prod.website-files.com/659dc61047017bf9ae30d5ee/659dc8942024b3c405fb2f81_cover-gusher.jpg]
[www.maxmartinez.com/work/addison.html]
[cdn.prod.website-files.com/659dc61047017bf9ae30d5ee/659dc8765cb7717444a52f0d_cover-addison.jpg]
[www.maxmartinez.com/work/watchbook.html]
[cdn.prod.website-files.com/659dc61047017bf9ae30d5ee/659dc858fec265d3364f596b_cover-watchbook.jpg]
[www.maxmartinez.com/work/jammber.html]
[cdn.prod.website-files.com/659dc61047017bf9ae30d5ee/659dc8353d04b0e2c2c25fcd_cover-jammber.jpg]
[www.maxmartinez.com/work/incisive.html]
[cdn.prod.website-files.com/659dc61047017bf9ae30d5ee/659dc79ebdc747986876230f_cover-incisive.jpg]
[www.maxmartinez.com/work/zapper.html]
[cdn.prod.website-files.com/659dc61047017bf9ae30d5ee/659dc779151e107095c022fb_cover-zapper.jpg]
[www.maxmartinez.com/work/webeo.html]
[cdn.prod.website-files.com/659dc61047017bf9ae30d5ee/659dc74fcd1f8baae84deba2_cover-webeo.jpg]
[www.maxmartinez.com/work/movy.html]
[cdn.prod.website-files.com/659dc61047017bf9ae30d5ee/659dc7244da47537c8e7f19b_cover-movy.jpg]
[www.maxmartinez.com/work/ecomaero.html]
[cdn.prod.website-files.com/659dc61047017bf9ae30d5ee/659dc6f839141e9b571f3770_cover-ecom-aero.jpg]
[www.maxmartinez.com/work/amnesty.html]
[cdn.prod.website-files.com/659dc61047017bf9ae30d5ee/659dc6dbaa415134792752e4_cover-amnesty.jpg]
[www.maxmartinez.com/work/nal.html]
[cdn.prod.website-files.com/659dc61047017bf9ae30d5ee/65b97d5a3d32ea87718bafd7_cover-nal-02.jpg]
[www.maxmartinez.com/work/salary-cat.html]
[www.maxmartinez.com/work.html]
[cdn.prod.website-files.com/659dc61047017bf9ae30d5ee/659dc69cb7eea33185be5fc6_cover-salary-cat.jpg]
[cdn.prod.website-files.com/65995e1581996ccb1f6ef45f/65a99b34cc6d1c6935926b64_cover-max-martinez.jpg]
[www.maxmartinez.com/about.html]
[cdn.prod.website-files.com/65995e1581996ccb1f6ef45f/65a6d3dd4a2cd60714185bfe_avatar-workspace-bg.jpg]
[cdn.prod.website-files.com/65995e1581996ccb1f6ef45f/65a6d3dda8f49ef809722d5e_avatar-max-01.png]
[www.maxmartinez.com/contact.html]
[cdn.prod.website-files.com/65995e1581996ccb1f6ef45f/66144ca3b8852632e9d8cab1_w-mg-01-home.jpg]
[cdn.prod.website-files.com/659dc61047017bf9ae30d5ee/661577c674549389426842e2_w-mg-01-intro-02-old.png]
[cdn.prod.website-files.com/659dc61047017bf9ae30d5ee/661577eee1108bb5bbe8ebbb_w-mg-02-research-01-head.png]
[cdn.prod.website-files.com/659dc61047017bf9ae30d5ee/66145315942003e0421b9345_w-mg-02-research-02-inspo.png]
[cdn.prod.website-files.com/659dc61047017bf9ae30d5ee/661453211ae2ce03485caaa8_w-mg-02-research-03-metaphors.png]
[cdn.prod.website-files.com/659dc61047017bf9ae30d5ee/6615780ce1517aee8397324d_w-mg-03-mockups-01-head.png]
[cdn.prod.website-files.com/659dc61047017bf9ae30d5ee/6622d4feb20cd2328f195422_w-mg-02-research-04-guidelines.png]
[cdn.prod.website-files.com/659dc61047017bf9ae30d5ee/66157828950f470f72a94275_w-mg-03-mockups-02-primary-hero.png]
[cdn.prod.website-files.com/659dc61047017bf9ae30d5ee/6615783be26d5c7644945e9b_w-mg-03-mockups-03-how-it-works-intro.png]
[cdn.prod.website-files.com/659dc61047017bf9ae30d5ee/66157851365892237f4ec01d_w-mg-03-mockups-04-featured-use-cases.png]
[cdn.prod.website-files.com/659dc61047017bf9ae30d5ee/6615786d51c05e346da23456_w-mg-03-mockups-05-solutions-intro.png]
[cdn.prod.website-files.com/659dc61047017bf9ae30d5ee/6615787da15daf8ba0864f98_w-mg-03-mockups-06-featured-case-studies.png]
[cdn.prod.website-files.com/659dc61047017bf9ae30d5ee/6615788c2fd948a1fe51a695_w-mg-03-mockups-07-featured-review.png]
[cdn.prod.website-files.com/659dc61047017bf9ae30d5ee/6615789b0d904c960c890edd_w-mg-03-mockups-08-primary-outro.png]
[cdn.prod.website-files.com/659dc61047017bf9ae30d5ee/661578ae99bd7b7e0a117fdd_w-mg-03-mockups-09-footer.png]
[cdn.prod.website-files.com/659dc61047017bf9ae30d5ee/661578bdd1f863cf5e10a038_w-mg-03-mockups-10-nav-mega-menu.png]
[cdn.prod.website-files.com/659dc61047017bf9ae30d5ee/66146a82f288dbf3502fa559_w-mg-03-mockups-03.png]
[cdn.prod.website-files.com/659dc61047017bf9ae30d5ee/6614535e62409a5a37c7084c_w-mg-03-mockups-03.png]
[cdn.prod.website-files.com/659dc61047017bf9ae30d5ee/66157904053628167399db87_w-mg-03-mockups-13-how-it-works-hero.png]
[cdn.prod.website-files.com/659dc61047017bf9ae30d5ee/66157918d18d89ebecab3185_w-mg-03-mockups-14-benefits-recap.png]
[cdn.prod.website-files.com/659dc61047017bf9ae30d5ee/661579296a2f779c87b483a3_w-mg-03-mockups-15-solutions-hero.png]
[cdn.prod.website-files.com/659dc61047017bf9ae30d5ee/6615793a6a2f779c87b48bab_w-mg-03-mockups-16-get-notified-form.png]
[cdn.prod.website-files.com/659dc61047017bf9ae30d5ee/661579703586694e7adc5d98_w-mg-03-mockups-17-use-cases-hero.png]
[cdn.prod.website-files.com/659dc61047017bf9ae30d5ee/66157983e26d5c76449560f8_w-mg-03-mockups-18-resources-hero.png]
[cdn.prod.website-files.com/659dc61047017bf9ae30d5ee/66157993262e42d7687845dd_w-mg-03-mockups-19-featured-posts.png]
[cdn.prod.website-files.com/659dc61047017bf9ae30d5ee/661579a3c41bcd90d9767d89_w-mg-03-mockups-20-featured-events.png]
[cdn.prod.website-files.com/659dc61047017bf9ae30d5ee/661579b26a2f779c87b4e972_w-mg-03-mockups-21-subscribe-form.png]
[cdn.prod.website-files.com/659dc61047017bf9ae30d5ee/661579dac3a4eaa9038ef204_w-mg-03-mockups-22-case-studies-hero.png]
[cdn.prod.website-files.com/659dc61047017bf9ae30d5ee/661579eb0d8ff7a4052dc9e3_w-mg-03-mockups-23-case-study-hero.png]
[cdn.prod.website-files.com/659dc61047017bf9ae30d5ee/661579fadfa9b216e3b4b0bb_w-mg-03-mockups-24-media-centre-hero.png]
[cdn.prod.website-files.com/659dc61047017bf9ae30d5ee/66157a14d442c5b866fd3d07_w-mg-03-mockups-25-media-assets.png]
[cdn.prod.website-files.com/659dc61047017bf9ae30d5ee/66157a29f9d5a4391001e620_w-mg-03-mockups-26-about-hero.png]
[cdn.prod.website-files.com/659dc61047017bf9ae30d5ee/66157a38667c2ec3422b93f5_w-mg-03-mockups-27-jobs-outro.png]
[cdn.prod.website-files.com/659dc61047017bf9ae30d5ee/66157a4920bfbac67cf01cb2_w-mg-03-mockups-28-contact-hero.png]
[cdn.prod.website-files.com/659dc61047017bf9ae30d5ee/66157a5f479a1ebadfa5e487_w-mg-03-mockups-29-booking-thank-you.png]
[cdn.prod.website-files.com/659dc61047017bf9ae30d5ee/66157a7199bd7b7e0a12fd88_w-mg-04-dev-01-head.png]
[cdn.prod.website-files.com/659dc61047017bf9ae30d5ee/66146d67d4925cf314102191_w-mg-04-pages-02.png]
[cdn.prod.website-files.com/659dc61047017bf9ae30d5ee/66157aca20bfbac67cf07bce_w-mg-04-dev-03-mobile-home.png]
[cdn.prod.website-files.com/659dc61047017bf9ae30d5ee/66157ae0d8c2d1a5947b07f7_w-mg-04-dev-04-mobile-nav.png]
[cdn.prod.website-files.com/659dc61047017bf9ae30d5ee/66157af67704ed7667ac6973_w-mg-04-dev-05-mobile-heading-heros.png]
[cdn.prod.website-files.com/659dc61047017bf9ae30d5ee/66157b0ec41bcd90d977948b_w-mg-04-dev-06-mobile-content-heros.png]
[cdn.prod.website-files.com/659dc61047017bf9ae30d5ee/66157e4cc6068f4c959f0cd6_w-mg-05-launch-01-head.png]
[cdn.prod.website-files.com/659dc61047017bf9ae30d5ee/66149061b91082bef33f9a3d_1619184209276.jpg]
[www.maxmartinez.com/work/metagravity.html]
[cdn.prod.website-files.com/65995e1581996ccb1f6ef45f/65bd0ac1b8209c4d8a8bbd85_work-risk-ledger-intro.jpg]
[cdn.prod.website-files.com/659dc61047017bf9ae30d5ee/6615e1131f537036d1f471a7_w-rl-01-intro-02-old.png]
[cdn.prod.website-files.com/659dc61047017bf9ae30d5ee/661604c85772a46028fb9091_w-rl-17-product-01-old.png]
[cdn.prod.website-files.com/659dc61047017bf9ae30d5ee/6615e145c5fa1485314838bd_w-rl-02-research-01-head.png]
[cdn.prod.website-files.com/659dc61047017bf9ae30d5ee/6615e15996e9446eaf6d8072_w-rl-02-research-02-inspo.png]
[cdn.prod.website-files.com/659dc61047017bf9ae30d5ee/66182269fddfd37a08553955_w-rl-03-strategy-01-head.jpg]
[cdn.prod.website-files.com/659dc61047017bf9ae30d5ee/6615e1fdfcaa5289fd76fc2b_w-rl-03-strategy-02-brief.png]
[cdn.prod.website-files.com/659dc61047017bf9ae30d5ee/661822775e3d2b4f46dabf82_w-rl-04-sketches-01-head.jpg]
[cdn.prod.website-files.com/659dc61047017bf9ae30d5ee/66182282ad99f2ade3b21a36_w-rl-04-sketches-02-handrawn.jpg]
[cdn.prod.website-files.com/659dc61047017bf9ae30d5ee/6615e34fb2aeac77f37d41b4_w-rl-04-sketches-03-digital.png]
[cdn.prod.website-files.com/659dc61047017bf9ae30d5ee/661822a5e33a2ed6d6004724_w-rl-05-stylescapes-01-head.jpg]
[cdn.prod.website-files.com/659dc61047017bf9ae30d5ee/661822afb37a8d26e9a63148_w-rl-05-stylescapes-02-options.jpg]
[cdn.prod.website-files.com/659dc61047017bf9ae30d5ee/661822c59fc278045c3bb5ff_w-rl-05-stylescapes-03-current.jpg]
[cdn.prod.website-files.com/659dc61047017bf9ae30d5ee/661822e512ee866e23799397_w-rl-05-stylescapes-04-blueprint.jpg]
[cdn.prod.website-files.com/659dc61047017bf9ae30d5ee/66182305fc8f95f202aa8d36_w-rl-05-stylescapes-05-spatial.jpg]
[cdn.prod.website-files.com/659dc61047017bf9ae30d5ee/661823193dfac1c1a36876ba_w-rl-05-stylescapes-06-analog.jpg]
[cdn.prod.website-files.com/659dc61047017bf9ae30d5ee/661823442c14662539009019_w-rl-05-stylescapes-08-cyber.jpg]
[cdn.prod.website-files.com/659dc61047017bf9ae30d5ee/661823302c146625390078cc_w-rl-05-stylescapes-07-flex.jpg]
[cdn.prod.website-files.com/659dc61047017bf9ae30d5ee/6615e6f5c90093bedfcadf4d_w-rl-06-pairings-01-head.png]
[cdn.prod.website-files.com/659dc61047017bf9ae30d5ee/6615e70b9053222136ba35d7_w-rl-06-pairings-02-cards.png]
[cdn.prod.website-files.com/659dc61047017bf9ae30d5ee/6615e85e99c14d6da53c8074_w-rl-07-visualizations-01-head.png]
[cdn.prod.website-files.com/659dc61047017bf9ae30d5ee/6615e87b18b180d4ddd67d83_w-rl-07-visualizations-02-iterations-dense.png]
[cdn.prod.website-files.com/659dc61047017bf9ae30d5ee/6615e8cd7ac97d436b6afbf1_w-rl-07-visualizations-03-iterations-featured.png]
[cdn.prod.website-files.com/659dc61047017bf9ae30d5ee/6618235fb95f7f2de367d57b_w-rl-07-visualizations-10-grid-3x2.jpg]
[cdn.prod.website-files.com/659dc61047017bf9ae30d5ee/661823745c73f288dbff7d92_w-rl-07-visualizations-23-grid-2x3.jpg]
[cdn.prod.website-files.com/659dc61047017bf9ae30d5ee/661823892117936fbed9a4b3_w-rl-07-visualizations-24-grid-2x1.jpg]
[cdn.prod.website-files.com/659dc61047017bf9ae30d5ee/6615e9e8c8a3570e26d9615e_w-rl-07-visualizations-22-specimen.png]
[cdn.prod.website-files.com/659dc61047017bf9ae30d5ee/6615efccfc0a87d72a124f90_w-rl-08-guidelines-01-head.png]
[cdn.prod.website-files.com/659dc61047017bf9ae30d5ee/661610990d89d11442ac937e_w-rl-09-logo-06-colorways-white.png]
[cdn.prod.website-files.com/659dc61047017bf9ae30d5ee/6615f0ed082dc95f5ab34764_w-rl-09-logo-04-construct.png]
[cdn.prod.website-files.com/659dc61047017bf9ae30d5ee/6615f10774361abf3a7f38d1_w-rl-09-logo-05-clearspace.png]
[cdn.prod.website-files.com/659dc61047017bf9ae30d5ee/6615f1acfcaa5289fd832d39_w-rl-09-logo-12-versions.png]
[cdn.prod.website-files.com/659dc61047017bf9ae30d5ee/6615f21247b261749db75d96_w-rl-10-colors-01-primary.png]
[cdn.prod.website-files.com/659dc61047017bf9ae30d5ee/6615f233568123b08ebe17f0_w-rl-10-colors-02-secondary.png]
[cdn.prod.website-files.com/659dc61047017bf9ae30d5ee/6615f24b96e9446eaf7b951a_w-rl-10-colors-03-tertiary.png]
[cdn.prod.website-files.com/659dc61047017bf9ae30d5ee/6615f299c90093bedfd45a14_w-rl-10-colors-04-neutrals.png]
[cdn.prod.website-files.com/659dc61047017bf9ae30d5ee/6615f2d7253aa876d8003e27_w-rl-10-colors-05-tints-and-shades.png]
[cdn.prod.website-files.com/659dc61047017bf9ae30d5ee/6615f30a60a1e282e555d265_w-rl-10-colors-06-proportion.png]
[cdn.prod.website-files.com/659dc61047017bf9ae30d5ee/6615f3a836d108b869ad918d_w-rl-11-typography-01-typeface.png]
[cdn.prod.website-files.com/659dc61047017bf9ae30d5ee/661608628367addf23ad614e_w-rl-11-typography-02-tracking-leading-scale.png]
[cdn.prod.website-files.com/659dc61047017bf9ae30d5ee/661600009d8e674ca14db419_w-rl-12-iconography-01-library.png]
[cdn.prod.website-files.com/659dc61047017bf9ae30d5ee/6616005bc8ec68e49602c5e6_w-rl-13-photography-01-style.jpg]
[cdn.prod.website-files.com/659dc61047017bf9ae30d5ee/661823a80ff79e5edf101b28_w-rl-13-photography-02-subject-01.jpg]
[cdn.prod.website-files.com/659dc61047017bf9ae30d5ee/661823b8d9c893903a663c3c_w-rl-13-photography-03-feel-01.jpg]
[cdn.prod.website-files.com/659dc61047017bf9ae30d5ee/661823cbb52c53a2bc61203d_w-rl-13-photography-04-color-01.jpg]
[cdn.prod.website-files.com/659dc61047017bf9ae30d5ee/661823dd88c989b75827c927_w-rl-13-photography-05-lighting-01.jpg]
[cdn.prod.website-files.com/659dc61047017bf9ae30d5ee/661823f0ad99f2ade3b3c66f_w-rl-13-photography-06-composition-01.jpg]
[cdn.prod.website-files.com/659dc61047017bf9ae30d5ee/66182403f8c1cbeed023491e_w-rl-13-photography-07-misuse-01.jpg]
[cdn.prod.website-files.com/659dc61047017bf9ae30d5ee/661601449700dd4d78734d6a_w-rl-14-illustration-01-network.png]
[cdn.prod.website-files.com/659dc61047017bf9ae30d5ee/661601893145ff07457fed30_w-rl-14-illustration-02-sketch.png]
[cdn.prod.website-files.com/659dc61047017bf9ae30d5ee/661601abc5fa148531673f1d_w-rl-15-patterns-01-beehive.png]
[cdn.prod.website-files.com/659dc61047017bf9ae30d5ee/661601e196e9446eaf895dab_w-rl-15-patterns-02-pages.png]
[cdn.prod.website-files.com/659dc61047017bf9ae30d5ee/661604444dae5e7814bb75b4_w-rl-16-mockups-05-grid-2x2.png]
[cdn.prod.website-files.com/659dc61047017bf9ae30d5ee/661604918367addf23aa051b_w-rl-17-product-02-new.png]
[cdn.prod.website-files.com/659dc61047017bf9ae30d5ee/6615f0681ff0c80b3af0ab2e_w-rl-08-guidelines-04-grid-3x3.png]
[cdn.prod.website-files.com/659dc61047017bf9ae30d5ee/661605409d8e674ca152385a_w-rl-18-wireframes-01-head.png]
[cdn.prod.website-files.com/659dc61047017bf9ae30d5ee/661605bb28481f214daca3ce_w-rl-18-wireframes-02-components.png]
[cdn.prod.website-files.com/659dc61047017bf9ae30d5ee/6616061f47b261749dc8c9ba_w-rl-19-mockups-01-head.png]
[cdn.prod.website-files.com/659dc61047017bf9ae30d5ee/6616064b99c14d6da55502b3_w-rl-19-mockups-03-home-hero.png]
[cdn.prod.website-files.com/659dc61047017bf9ae30d5ee/661609fd9053222136d959c2_w-rl-19-mockups-04-solution-intro.png]
[cdn.prod.website-files.com/659dc61047017bf9ae30d5ee/66160a4706a63e815c95f46e_w-rl-19-mockups-06-solution-feature-2.png]
[cdn.prod.website-files.com/659dc61047017bf9ae30d5ee/66160a8a7ac97d436b887147_w-rl-19-mockups-08-solution-outro.png]
[cdn.prod.website-files.com/659dc61047017bf9ae30d5ee/66160abc496571679793da0d_w-rl-19-mockups-09-how-it-works.png]
[cdn.prod.website-files.com/659dc61047017bf9ae30d5ee/66160ae3fcaa5289fd9899e0_w-rl-19-mockups-10-featured-case-studies.png]
[cdn.prod.website-files.com/659dc61047017bf9ae30d5ee/66160b124dae5e7814c1bc87_w-rl-19-mockups-11-featured-review.png]
[cdn.prod.website-files.com/659dc61047017bf9ae30d5ee/66160b2e052c7c2cf7f9feed_w-rl-19-mockups-12-primary-outro.png]
[cdn.prod.website-files.com/659dc61047017bf9ae30d5ee/66160b4547b261749dcce667_w-rl-19-mockups-13-footer.png]
[cdn.prod.website-files.com/659dc61047017bf9ae30d5ee/66160b679d8e674ca1578ab8_w-rl-19-mockups-14-nav-solution.png]
[cdn.prod.website-files.com/659dc61047017bf9ae30d5ee/66160fc328481f214db4fb3e_w-rl-19-mockups-35-heros.png]
[cdn.prod.website-files.com/659dc61047017bf9ae30d5ee/66160bb674361abf3a95cfbc_w-rl-19-mockups-02-components.png]
[cdn.prod.website-files.com/659dc61047017bf9ae30d5ee/6616b89324a2e5898505fd10_w-rl-19-mockups-15-services-hero.png]
[cdn.prod.website-files.com/659dc61047017bf9ae30d5ee/6616b8ad652e4e12772531fd_w-rl-19-mockups-16-featured-story-logos-numbers.png]
[cdn.prod.website-files.com/659dc61047017bf9ae30d5ee/6616b91e652e4e127725af17_w-rl-19-mockups-17-related-faq.png]
[cdn.prod.website-files.com/659dc61047017bf9ae30d5ee/6616b94420c6425e93f7ad7b_w-rl-19-mockups-18-report-spotlight.png]
[cdn.prod.website-files.com/659dc61047017bf9ae30d5ee/6616b96b8d395d23d26e09e9_w-rl-19-mockups-19-community-network.png]
[cdn.prod.website-files.com/659dc61047017bf9ae30d5ee/6616b999a081fbccb88fcf90_w-rl-19-mockups-20-featured-story-quote.png]
[cdn.prod.website-files.com/659dc61047017bf9ae30d5ee/6616b9c51d19d276763519bf_w-rl-19-mockups-21-resources-hero.png]
[cdn.prod.website-files.com/659dc61047017bf9ae30d5ee/6616ba0afb267553fe2b6e72_w-rl-19-mockups-22-featured-post.png]
[cdn.prod.website-files.com/659dc61047017bf9ae30d5ee/6616ba2fbd47afee37fcf0f2_w-rl-19-mockups-23-latest-posts.png]
[cdn.prod.website-files.com/659dc61047017bf9ae30d5ee/6616ba4b47e7411cf1dcd603_w-rl-19-mockups-24-newsletter-subcribe-form.png]
[cdn.prod.website-files.com/659dc61047017bf9ae30d5ee/661824415c73f288db001c6a_w-rl-19-mockups-26-post-hero.jpg]
[cdn.prod.website-files.com/659dc61047017bf9ae30d5ee/661824505c73f288db002df6_w-rl-19-mockups-27-case-study-hero.jpg]
[cdn.prod.website-files.com/659dc61047017bf9ae30d5ee/6616bb8ef482fef03b2164ad_w-rl-19-mockups-28-framework-hero.png]
[cdn.prod.website-files.com/659dc61047017bf9ae30d5ee/6616bbe324a2e5898508d496_w-rl-19-mockups-29-about-hero.png]
[cdn.prod.website-files.com/659dc61047017bf9ae30d5ee/661824658cace639ab0f2f5e_w-rl-19-mockups-30-jobs-outro.jpg]
[cdn.prod.website-files.com/659dc61047017bf9ae30d5ee/66182473a6b97ac3e5275b2d_w-rl-19-mockups-31-careers-hero.jpg]
[cdn.prod.website-files.com/659dc61047017bf9ae30d5ee/6616bc56ac0378d334eacea1_w-rl-19-mockups-32-brand-assets.png]
[cdn.prod.website-files.com/659dc61047017bf9ae30d5ee/6616bc7bf1829a3e7ead5841_w-rl-19-mockups-33-contact-options-locations.png]
[cdn.prod.website-files.com/659dc61047017bf9ae30d5ee/6616bcb44a49e925d970aa84_w-rl-19-mockups-34-booking-form.png]
[cdn.prod.website-files.com/659dc61047017bf9ae30d5ee/6616bcd08d395d23d2712ce9_w-rl-20-dev-01-head.png]
[cdn.prod.website-files.com/659dc61047017bf9ae30d5ee/6616bce4a78e3607c9067c6a_w-rl-20-dev-02-page-covers.png]
[cdn.prod.website-files.com/659dc61047017bf9ae30d5ee/6616bcf978287dc5762bcbd3_w-rl-20-dev-03-mobile-home.png]
[cdn.prod.website-files.com/659dc61047017bf9ae30d5ee/6616bd6cc87fc756f6f36a81_w-rl-20-dev-04-mobile-nav.png]
[cdn.prod.website-files.com/659dc61047017bf9ae30d5ee/6616bd9a2c35d004f8f6857c_w-rl-20-dev-05-mobile-heading-heros.png]
[cdn.prod.website-files.com/659dc61047017bf9ae30d5ee/6616bdafd1f955415c1887ec_w-rl-20-dev-06-mobile-content-heros.png]
[cdn.prod.website-files.com/659dc61047017bf9ae30d5ee/66182495beb0232e9d632299_w-rl-21-launch-01-head.jpg]
[cdn.prod.website-files.com/659dc61047017bf9ae30d5ee/6616c52052fda08cbaf9aaa9_w-rl-21-launch-02-talk.jpg]
[cdn.prod.website-files.com/659dc61047017bf9ae30d5ee/666ca08ead19dcfab897632e_avatar-tom-baker.jpg]
[www.maxmartinez.com/work/risk-ledger.html]
[cdn.prod.website-files.com/65995e1581996ccb1f6ef45f/6616d623679a27b9c3e8a92f_w-op-v-02-home.jpg]
[cdn.prod.website-files.com/659dc61047017bf9ae30d5ee/661713b30a051442fd2a4a53_w-op-01-intro-02-old.png]
[cdn.prod.website-files.com/659dc61047017bf9ae30d5ee/661713df08b7eacdb479ef01_w-op-02-challenge-01-head.png]
[cdn.prod.website-files.com/65995e1581996ccb1f6ef45f/6616d621e5836d815d3c6b1c_w-op-v-01-challenge.jpg]
[cdn.prod.website-files.com/659dc61047017bf9ae30d5ee/66181d24e33a2ed6d6fb609f_w-op-02-challenge-03-mobile.jpg]
[cdn.prod.website-files.com/659dc61047017bf9ae30d5ee/661714eba4e99ded42d59851_w-op-03-guidelines-01-head.png]
[cdn.prod.website-files.com/659dc61047017bf9ae30d5ee/6617153d3e27f6fd954d0e1d_w-op-03-logo-01-logomark.png]
[cdn.prod.website-files.com/659dc61047017bf9ae30d5ee/66171549a325157fb070e2f0_w-op-03-logo-02-logo.png]
[cdn.prod.website-files.com/659dc61047017bf9ae30d5ee/661715672c370b5f7d0f729b_w-op-03-logo-03-construct.png]
[cdn.prod.website-files.com/659dc61047017bf9ae30d5ee/66171577c86b1c9f163f1903_w-op-03-logo-04-clearspace.png]
[cdn.prod.website-files.com/659dc61047017bf9ae30d5ee/661715922ef0e31ccb82083d_w-op-03-logo-06-logotype-clearspace.png]
[cdn.prod.website-files.com/659dc61047017bf9ae30d5ee/661715aaa7b75b7658080fb7_w-op-03-logo-07-lockups.png]
[cdn.prod.website-files.com/659dc61047017bf9ae30d5ee/661715b708b7eacdb47b7ecb_w-op-04-colors-01-palette.png]
[cdn.prod.website-files.com/659dc61047017bf9ae30d5ee/661716496b610528d9571438_w-op-04-colors-02-proportion.png]
[cdn.prod.website-files.com/659dc61047017bf9ae30d5ee/661716a9c86b1c9f1640246e_w-op-05-typography-01-typeface.png]
[cdn.prod.website-files.com/659dc61047017bf9ae30d5ee/661716c5eb264ff54f1348d6_w-op-05-typography-02-specimen-primary.png]
[cdn.prod.website-files.com/659dc61047017bf9ae30d5ee/661716d79bd33a35b89f7695_w-op-05-typography-03-specimen-alternative.png]
[cdn.prod.website-files.com/659dc61047017bf9ae30d5ee/661716fe4e4b7ff65224b3bf_w-op-06-iconography-01-library.png]
[cdn.prod.website-files.com/659dc61047017bf9ae30d5ee/66171732c1bd34db40c21f21_w-op-07-illustrations-01-style.png]
[cdn.prod.website-files.com/659dc61047017bf9ae30d5ee/66181d4b91527c99c08ccb3d_w-op-08-photography-01-style.jpg]
[cdn.prod.website-files.com/659dc61047017bf9ae30d5ee/66181d693c789acaf02ef652_w-op-03-guidelines-03-grid-3x3.jpg]
[cdn.prod.website-files.com/659dc61047017bf9ae30d5ee/66181d980ae49173b954b8fd_w-op-09-visualizations-01-mockups.jpg]
[cdn.prod.website-files.com/659dc61047017bf9ae30d5ee/661861f2e915049838d40fcd_w-op-10-website-01-head.png]
[cdn.prod.website-files.com/659dc61047017bf9ae30d5ee/6618620e7a7bfd55c00db9ce_w-op-10-website-02-home-hero.png]
[cdn.prod.website-files.com/659dc61047017bf9ae30d5ee/6618623986cd56abc72aabb8_w-op-10-website-03-cta-section.png]
[cdn.prod.website-files.com/659dc61047017bf9ae30d5ee/6618627128cea8d9b7ec1cef_w-op-10-website-04-solution-intro.png]
[cdn.prod.website-files.com/659dc61047017bf9ae30d5ee/6618628392244d2adcde9822_w-op-10-website-05-solution-features.png]
[cdn.prod.website-files.com/659dc61047017bf9ae30d5ee/6618629425be2928defdb603_w-op-10-website-06-testimonials-slider.png]
[cdn.prod.website-files.com/659dc61047017bf9ae30d5ee/661862aae915049838d4926d_w-op-10-website-07-onboarding-tour.png]
[cdn.prod.website-files.com/659dc61047017bf9ae30d5ee/661862cf3e74592570605391_w-op-10-website-08-omniatlas-callout.png]
[cdn.prod.website-files.com/659dc61047017bf9ae30d5ee/661862e38bcd9fe433fa0693_w-op-10-website-09-benefits-recap.png]
[cdn.prod.website-files.com/659dc61047017bf9ae30d5ee/661862f2a8b6a0ef7f71c2ae_w-op-10-website-10-featured-resources.png]
[cdn.prod.website-files.com/659dc61047017bf9ae30d5ee/6618630ddba67c5fcf71ec2c_w-op-10-website-11-social-proof.png]
[cdn.prod.website-files.com/659dc61047017bf9ae30d5ee/6618634945de1da2bd4b24e0_w-op-10-website-12-footer.png]
[cdn.prod.website-files.com/659dc61047017bf9ae30d5ee/661863b6285ae8bb9c03a4b4_w-op-10-website-13-solutions-hero.png]
[cdn.prod.website-files.com/659dc61047017bf9ae30d5ee/661863ee5b1f9c4a2a3c0d71_w-op-10-website-14-solutions-hr-support.png]
[cdn.prod.website-files.com/659dc61047017bf9ae30d5ee/66186416696e630bd611c503_w-op-10-website-15-why-hero.png]
[cdn.prod.website-files.com/659dc61047017bf9ae30d5ee/6618642c6b3bf871865fd3b7_w-op-10-website-16-omniatlas-hero.png]
[cdn.prod.website-files.com/659dc61047017bf9ae30d5ee/6618643ebe66fced60981331_w-op-10-website-17-omniatlas-locations.png]
[cdn.prod.website-files.com/659dc61047017bf9ae30d5ee/661864552c7122abdfcad296_w-op-10-website-18-omniatlas-country-hero.png]
[cdn.prod.website-files.com/659dc61047017bf9ae30d5ee/6618646c31ea7d0ae20bcb93_w-op-10-website-19-omniatlas-country-index.png]
[cdn.prod.website-files.com/659dc61047017bf9ae30d5ee/661864914588a4311555b195_w-op-10-website-22-about-hero.png]
[cdn.prod.website-files.com/659dc61047017bf9ae30d5ee/661864aa5c6b9f4b18c31be5_w-op-10-website-24-team-leads.png]
[cdn.prod.website-files.com/659dc61047017bf9ae30d5ee/661864c50ece20578c8cd4de_w-op-10-website-26-careers-hero.png]
[cdn.prod.website-files.com/659dc61047017bf9ae30d5ee/661864dd48ca0e0c44237f14_w-op-10-website-29-perks.png]
[cdn.prod.website-files.com/659dc61047017bf9ae30d5ee/661864fa5b1f9c4a2a3d0012_w-op-10-website-30-resources-hero.png]
[cdn.prod.website-files.com/659dc61047017bf9ae30d5ee/6618652bdbcc1daa2b8d539d_w-op-10-website-32-omnicalculator.png]
[cdn.prod.website-files.com/659dc61047017bf9ae30d5ee/6618654e6da1550d7351645d_w-op-10-website-33-partners-hero.png]
[cdn.prod.website-files.com/659dc61047017bf9ae30d5ee/6618657a794192f80d306860_w-op-10-website-37-faq-hero.png]
[cdn.prod.website-files.com/659dc61047017bf9ae30d5ee/661865b431ea7d0ae20cded9_w-op-10-website-39-components.png]
[cdn.prod.website-files.com/659dc61047017bf9ae30d5ee/6618660825dc5bfbdccc4c99_w-op-10-website-40-mobile-home.png]
[cdn.prod.website-files.com/659dc61047017bf9ae30d5ee/6618661e6b8495996d51094e_w-op-10-website-41-mobile-nav.png]
[cdn.prod.website-files.com/659dc61047017bf9ae30d5ee/6618663ae874b366e138af13_w-op-10-website-42-mobile-heros.png]
[cdn.prod.website-files.com/659dc61047017bf9ae30d5ee/6618664b84768a7811b496e8_w-op-10-website-43-mobile-forms.png]
[cdn.prod.website-files.com/659dc61047017bf9ae30d5ee/661d58465af4871e42c1858f_w-op-11-omnicalc-01-head.png]
[cdn.prod.website-files.com/659dc61047017bf9ae30d5ee/661d58547e9e0b41a2a6281b_w-op-11-omnicalc-02-wireframes.png]
[cdn.prod.website-files.com/659dc61047017bf9ae30d5ee/661d5864360be853cda56066_w-op-11-omnicalc-03-mockups.png]
[cdn.prod.website-files.com/659dc61047017bf9ae30d5ee/661d589218062250feb5c49e_w-op-12-omnis-01-head.png]
[cdn.prod.website-files.com/659dc61047017bf9ae30d5ee/661d589c1ad2b8bfbec6bc17_w-op-12-omnis-02-key-visual-cinematic.jpg]
[cdn.prod.website-files.com/659dc61047017bf9ae30d5ee/661d58bd8aa5cad4d9ebc138_w-op-12-omnis-03-key-visual-final.jpg]
[cdn.prod.website-files.com/659dc61047017bf9ae30d5ee/661d58d7d040b9ba926f0a28_w-op-12-omnis-04-logo.png]
[cdn.prod.website-files.com/659dc61047017bf9ae30d5ee/661d58e85af4871e42c241e2_w-op-12-omnis-05-trophy.png]
[cdn.prod.website-files.com/659dc61047017bf9ae30d5ee/661d58f9fa8fd452d560c8f8_w-op-12-omnis-06-palette.png]
[cdn.prod.website-files.com/65995e1581996ccb1f6ef45f/6616d624d701807fe6f6b1eb_w-op-v-07-the-omnis.jpg]
[cdn.prod.website-files.com/659dc61047017bf9ae30d5ee/661d590a7f803e6f8dbd7ca5_w-op-12-omnis-07-sections.png]
[cdn.prod.website-files.com/659dc61047017bf9ae30d5ee/661d5919cc746e8084a50cf3_w-op-12-omnis-08-mobile.png]
[cdn.prod.website-files.com/659dc61047017bf9ae30d5ee/661d592d4aa8912e6e208d9b_w-op-13-flagship-report-01-head.png]
[cdn.prod.website-files.com/659dc61047017bf9ae30d5ee/661d593ac1884b51e6404866_w-op-13-flagship-report-02-document.png]
[cdn.prod.website-files.com/659dc61047017bf9ae30d5ee/661d595290046897809d4286_w-op-13-flagship-report-03-wireframes.png]
[cdn.prod.website-files.com/65995e1581996ccb1f6ef45f/6616d623e0dc8418d34bb1a4_w-op-v-08-flagship-report.jpg]
[cdn.prod.website-files.com/659dc61047017bf9ae30d5ee/661d6454060127e66d5c5dd4_w-op-14-omniacademy-01-head.png]
[cdn.prod.website-files.com/659dc61047017bf9ae30d5ee/661d6462e502eef1fa2708cf_w-op-14-omniacademy-02-inspo.png]
[cdn.prod.website-files.com/659dc61047017bf9ae30d5ee/661d6491919990be50794bd9_w-op-14-omniacademy-03-wireframes.png]
[cdn.prod.website-files.com/659dc61047017bf9ae30d5ee/661d64b098acaf9ba3058145_w-op-14-omniacademy-04-mockups.png]
[cdn.prod.website-files.com/659dc61047017bf9ae30d5ee/661d64ef03c649848d49b619_w-op-14-omniacademy-05-covers.png]
[cdn.prod.website-files.com/65995e1581996ccb1f6ef45f/6616d622e5836d815d3c6b83_w-op-v-06-omniacademy.jpg]
[cdn.prod.website-files.com/659dc61047017bf9ae30d5ee/661d6507ad24b44f6f9045bd_w-op-15-creatives-01-head.png]
[cdn.prod.website-files.com/659dc61047017bf9ae30d5ee/661d6518a3328e93dbbf4522_w-op-15-creatives-01-posts.png]
[cdn.prod.website-files.com/659dc61047017bf9ae30d5ee/661d6529d55b68c67302c7f3_w-op-15-creatives-02-illos.png]
[cdn.prod.website-files.com/659dc61047017bf9ae30d5ee/661d6549c3d100ab4b0dd80c_w-op-15-creatives-03-one-pagers.png]
[cdn.prod.website-files.com/659dc61047017bf9ae30d5ee/661d655ee813165118563b8d_w-op-15-creatives-04-deck-cover.jpg]
[cdn.prod.website-files.com/659dc61047017bf9ae30d5ee/661d65851c73e9a0b06ab2f9_w-op-15-creatives-05-reports.png]
[cdn.prod.website-files.com/659dc61047017bf9ae30d5ee/661d65aa44e91b28d903187f_w-op-15-creatives-06-infographics.png]
[cdn.prod.website-files.com/659dc61047017bf9ae30d5ee/661d65bbba33ad68c029ab49_w-op-15-creatives-07-sxsw-booth.jpg]
[cdn.prod.website-files.com/65995e1581996ccb1f6ef45f/6622ae012b11186136f6700a_w-op-v-09-nasdaq.jpg]
[cdn.prod.website-files.com/659dc61047017bf9ae30d5ee/661d65f2f25e0b6c6061b549_w-op-16-employer-brand-01-head.png]
[cdn.prod.website-files.com/659dc61047017bf9ae30d5ee/661d660f5cf683f8af6d15de_w-op-16-employer-brand-02-values.jpg]
[cdn.prod.website-files.com/659dc61047017bf9ae30d5ee/661d65fd2412ab0fc9a33037_w-op-16-employer-brand-02-campaigns.png]
[cdn.prod.website-files.com/659dc61047017bf9ae30d5ee/661d6b620be36ecea8fd88e0_w-op-16-employer-brand-02-mascot.png]
[cdn.prod.website-files.com/659dc61047017bf9ae30d5ee/661d6684801423d6b7830ca9_w-op-16-employer-brand-02-welcome.png]
[cdn.prod.website-files.com/659dc61047017bf9ae30d5ee/661d66aab6d48305d0187d41_w-op-16-employer-brand-03-panama.jpg]
[cdn.prod.website-files.com/659dc61047017bf9ae30d5ee/661d671e60ff0477a21463a4_w-op-16-employer-brand-04-team.jpg]
[cdn.prod.website-files.com/659dc61047017bf9ae30d5ee/666c9d67cce1216558729906_avatar-jason-roach.jpg]
[www.maxmartinez.com/work/omnipresent.html]
[cdn.prod.website-files.com/65995e1581996ccb1f6ef45f/66187f1d0de27904db549121_w-gb-v-01-smb.jpg]
[cdn.prod.website-files.com/659dc61047017bf9ae30d5ee/661d913eb84611320d164797_w-gb-01-intro-01-shop.png]
[cdn.prod.website-files.com/659dc61047017bf9ae30d5ee/661d9157f740b17e1193f9db_w-gb-02-smb-01-head.png]
[cdn.prod.website-files.com/659dc61047017bf9ae30d5ee/661d9161e5487ae670ed0884_w-gb-02-smb-02-sections.png]
[cdn.prod.website-files.com/659dc61047017bf9ae30d5ee/661d916e8cc616624385bd07_w-gb-02-smb-03-mobile.png]
[cdn.prod.website-files.com/659dc61047017bf9ae30d5ee/661d918bf1877064b16754bc_w-gb-03-ww-01-head.png]
[cdn.prod.website-files.com/659dc61047017bf9ae30d5ee/661d91a6f8c466a13f83ad1c_w-gb-03-ww-02-sections.png]
[cdn.prod.website-files.com/659dc61047017bf9ae30d5ee/661d91bbf740b17e11945c40_w-gb-03-ww-03-mobile.png]
[cdn.prod.website-files.com/65995e1581996ccb1f6ef45f/661d6f9098acaf9ba30edd51_w-gb-v-02-ww.jpg]
[cdn.prod.website-files.com/659dc61047017bf9ae30d5ee/661d91d1eda374182c4a5c72_w-gb-04-catalog-01-head.png]
[cdn.prod.website-files.com/659dc61047017bf9ae30d5ee/661d91e868c53be2baa6d2dc_w-gb-04-catalog-02-cover.png]
[cdn.prod.website-files.com/659dc61047017bf9ae30d5ee/661d91f82b51962a32ec24f6_w-gb-04-catalog-03-nav.png]
[cdn.prod.website-files.com/659dc61047017bf9ae30d5ee/661d921e65ca3a8038eb460c_w-gb-04-catalog-04-pages.png]
[cdn.prod.website-files.com/659dc61047017bf9ae30d5ee/661d923487157eb6fe676fff_w-gb-04-catalog-05-mobile-nav.png]
[cdn.prod.website-files.com/659dc61047017bf9ae30d5ee/661d92a68cc2f242b8d1ca4f_w-gb-04-catalog-06-mobile-sections.png]
[cdn.prod.website-files.com/659dc61047017bf9ae30d5ee/661d924ae6e30b11a6b137fe_w-gb-04-catalog-06-mobile-pages.png]
[cdn.prod.website-files.com/65995e1581996ccb1f6ef45f/661d80b7c7e7359e7b2a9080_w-gb-v-03-catalog.jpg]
[cdn.prod.website-files.com/659dc61047017bf9ae30d5ee/66186a9484768a7811b8afbb_1693328631337.jpg]
[www.maxmartinez.com/work/goodbuy.html]
[cdn.prod.website-files.com/65995e1581996ccb1f6ef45f/661880422374e3f01b554f68_w-xco-v-01-home.jpg]
[cdn.prod.website-files.com/659dc61047017bf9ae30d5ee/661dd437385982153e1ae830_w-xco-01-intro-01-old.png]
[cdn.prod.website-files.com/659dc61047017bf9ae30d5ee/661dd45d4d3b944af8aaa716_w-xco-02-deck-01-head.png]
[cdn.prod.website-files.com/659dc61047017bf9ae30d5ee/661dd46992b143ef24e880bc_w-xco-02-deck-02-wireframes.png]
[cdn.prod.website-files.com/659dc61047017bf9ae30d5ee/661dd474c8f19f4261fee094_w-xco-02-deck-03-mockups.png]
[cdn.prod.website-files.com/65995e1581996ccb1f6ef45f/661dd4dd02e2d8fe31f71f24_w-xco-v-03-x-deck.jpg]
[cdn.prod.website-files.com/659dc61047017bf9ae30d5ee/661dd5529450ccb743ef6aef_w-xco-03-hero-01-head.png]
[cdn.prod.website-files.com/659dc61047017bf9ae30d5ee/661dd5637163c99bb48c6531_w-xco-03-hero-02-research-social.png]
[cdn.prod.website-files.com/659dc61047017bf9ae30d5ee/661dd57c156a71dee6fb5905_w-xco-03-hero-03-research-inspo.png]
[cdn.prod.website-files.com/659dc61047017bf9ae30d5ee/661dd590deea4e7a18361bbb_w-xco-03-hero-04-wireframes.png]
[cdn.prod.website-files.com/659dc61047017bf9ae30d5ee/661dd59fba12551d00252426_w-xco-03-hero-05-mockups.png]
[cdn.prod.website-files.com/65995e1581996ccb1f6ef45f/661dd4dd73b9fa04952fdc43_w-xco-v-02-x-hero.jpg]
[cdn.prod.website-files.com/659dc61047017bf9ae30d5ee/661dd5c832b08d84fd975848_w-xco-04-website-01-head.png]
[cdn.prod.website-files.com/659dc61047017bf9ae30d5ee/661dd618bcc8464af63bd05b_w-xco-04-website-02-home.png]
[cdn.prod.website-files.com/659dc61047017bf9ae30d5ee/661dd6398052d0dc12ce1364_w-xco-04-website-03-heros.png]
[cdn.prod.website-files.com/65995e1581996ccb1f6ef45f/661dd4dd98b2d700eed4380d_w-xco-v-04-x-club.jpg]
[cdn.prod.website-files.com/659dc61047017bf9ae30d5ee/661dd64832b08d84fd97c3c8_w-xco-04-website-04-widgets.png]
[cdn.prod.website-files.com/65995e1581996ccb1f6ef45f/661dd4dda96e7e96159372e8_w-xco-v-08-mosaic.jpg]
[cdn.prod.website-files.com/659dc61047017bf9ae30d5ee/661dd69f8052d0dc12ce9d34_w-xco-04-website-05-mobile-nav.png]
[cdn.prod.website-files.com/659dc61047017bf9ae30d5ee/661dd66ebe6ebf99dd6d718a_w-xco-04-website-05-mobile-heros.png]
[cdn.prod.website-files.com/659dc61047017bf9ae30d5ee/66186af52930fe81baad0b5e_1592395819343.jpg]
[www.maxmartinez.com/work/x-co.html]
[www.maxmartinez.com/schema.org/index.html]
[cdn.prod.website-files.com/65995e1581996ccb1f6ef45f/661882b17e28fbc09492daf9_w-sh-v-01-home.jpg]
[cdn.prod.website-files.com/659dc61047017bf9ae30d5ee/66186b5e4588a431155bd9d1_1516920562782.jpg]
[www.maxmartinez.com/work/soulful.html]
[cdn.prod.website-files.com/65995e1581996ccb1f6ef45f/66188188f355a539497ff125_w-atw-v-01-home.jpg]
[cdn.prod.website-files.com/659dc61047017bf9ae30d5ee/66186bb7f355a539496ba4c2_1612022221251.jpg]
[www.maxmartinez.com/work/at-the-well.html]
[cdn.prod.website-files.com/65995e1581996ccb1f6ef45f/661884d2cf2131ab1a2f88b6_w-bit-v-01-home.jpg]
[www.maxmartinez.com/work/build-in-tulsa.html]
[cdn.prod.website-files.com/65995e1581996ccb1f6ef45f/661883d0f3884135d4ab8cda_w-cp-v-01-dashboard.jpg]
[cdn.prod.website-files.com/659dc61047017bf9ae30d5ee/66186c2570b3472ae1d77913_1693876896384.jpg]
[www.maxmartinez.com/work/certipay.html]
[cdn.prod.website-files.com/65995e1581996ccb1f6ef45f/661886745e1509213e37440c_w-tend-v-01-home.jpg]
[cdn.prod.website-files.com/659dc61047017bf9ae30d5ee/6671bc5c0690c352ea809a39_avatar-tamara-day-shriver.jpg]
[www.maxmartinez.com/work/tend.html]
[cdn.prod.website-files.com/65995e1581996ccb1f6ef45f/6618858570b3472ae1ede300_w-pp-v-01-cv.jpg]
[www.maxmartinez.com/work/principal-post.html]
[cdn.prod.website-files.com/65995e1581996ccb1f6ef45f/661962cfef9ad6800af902f3_w-augintel-v-01-home.jpg]
[www.maxmartinez.com/work/augintel.html]
[cdn.prod.website-files.com/659dc61047017bf9ae30d5ee/66186d4998033953948312f9_1652885950969.jpg]
[www.maxmartinez.com/work/atlas-point.html]
[cdn.prod.website-files.com/65995e1581996ccb1f6ef45f/66187dcbf355a539497c1e9e_w-secude-v-01-home.png]
[cdn.prod.website-files.com/659dc61047017bf9ae30d5ee/66186a2fe874b366e13c25b8_1599058948855.jpg]
[www.maxmartinez.com/work/secude.html]
[cdn.prod.website-files.com/65995e1581996ccb1f6ef45f/6619657db7a490d79659437a_w-gusher-v-01-home.jpg]
[cdn.prod.website-files.com/659dc61047017bf9ae30d5ee/66186e774c246c4491989b2c_1639009169058.jpg]
[www.maxmartinez.com/work/gusher.html]
[cdn.prod.website-files.com/65995e1581996ccb1f6ef45f/66196633018980853605a80d_w-addison-v-01-home.jpg]
[cdn.prod.website-files.com/659dc61047017bf9ae30d5ee/66186ece0de27904db45d5ea_1538249480594.jpg]
[www.maxmartinez.com/work/addison.html]
[cdn.prod.website-files.com/65995e1581996ccb1f6ef45f/66196744471e9d7fbb626a07_w-wb-v-01-home.jpg]
[cdn.prod.website-files.com/659dc61047017bf9ae30d5ee/66186f4dc96e96aa28cc944a_1517285911738.jpg]
[www.maxmartinez.com/work/watchbook.html]
[cdn.prod.website-files.com/659dc61047017bf9ae30d5ee/666ca2fbc831d28e8c2f4b04_avatar-yuan-hong.jpg]
[www.maxmartinez.com/work/jammber.html]
[cdn.prod.website-files.com/659dc61047017bf9ae30d5ee/666ca36de162116c47a117c4_avatar-mangesh-bhamkar.jpg]
[cdn.prod.website-files.com/65995e1581996ccb1f6ef45f/66196a2d21de7536171467e4_w-incisive-v-01-home.jpg]
[www.maxmartinez.com/work/incisive.html]
[cdn.prod.website-files.com/659dc61047017bf9ae30d5ee/661870b483a7f0e9484953d7_1516448474397.jpg]
[www.maxmartinez.com/work/zapper.html]
[cdn.prod.website-files.com/659dc61047017bf9ae30d5ee/66187a4a7e28fbc0948b2cc7_1516825726750.jpg]
[www.maxmartinez.com/work/webeo.html]
[www.maxmartinez.com/work/movy.html]
[cdn.prod.website-files.com/659dc61047017bf9ae30d5ee/66187afcaf0b27e910002040_1699116783120.jpg]
[www.maxmartinez.com/work/ecomaero.html]
[cdn.prod.website-files.com/65995e1581996ccb1f6ef45f/66196c06811f5a43c3782cd0_w-amnesty-v-01-wfr.jpg]
[cdn.prod.website-files.com/659dc61047017bf9ae30d5ee/66187b561f5d19436c21c6df_1517395275039.jpg]
[www.maxmartinez.com/work/amnesty.html]
[cdn.prod.website-files.com/65995e1581996ccb1f6ef45f/66196d1dbde65a34aebb3410_w-nal-v-01-home.jpg]
[www.maxmartinez.com/work/nal.html]
[cdn.prod.website-files.com/65995e1581996ccb1f6ef45f/6619709e7408bffdc641b9a9_w-salary-cat-v-01-gameplay.jpg]
[www.maxmartinez.com/work/salary-cat.html]
[www.maxmartinez.com/a.html]
[www.maxmartinez.com/POST.html]
[www.maxmartinez.com/b.html]
[www.maxmartinez.com/signals/iwl.html]
[www.maxmartinez.com/schema.html]
